<?xml version="1.0" encoding="UTF-8"?>
<testsuites name="Trade - Buy - (Native - Native)" time="40.515" tests="3" failures="0" errors="0">
   <testsuite name="Trade - Buy - (Native - Native)" tests="3" failures="0" errors="0" time="40.515" skipped="0" timestamp="2022-06-16 16:01:10" hostname="Luciano - 192.168.0.130" id="Test Suites/Trade - Buy - (Native - Native)">
      <properties>
         <property name="deviceName" value=""/>
         <property name="devicePlatform" value=""/>
         <property name="logFolder" value="C:\\Users\\Luciano\\git\\Katalon-Membrane\\Reports\\20220616_160105\\Trade - Buy - (Native - Native)\\20220616_160105"/>
         <property name="logFiles" value="C:\\Users\\Luciano\\git\\Katalon-Membrane\\Reports\\20220616_160105\\Trade - Buy - (Native - Native)\\20220616_160105\\execution0.log"/>
         <property name="attachments" value=""/>
         <property name="hostName" value="Luciano - 192.168.0.130"/>
         <property name="os" value="Windows 10 64bit"/>
         <property name="katalonVersion" value="8.3.5.208"/>
         <property name="browser" value="Chrome 102.0.5005.115"/>
         <property name="hostAddress" value="192.168.0.130"/>
         <property name="sessionId" value="84bace80f72a51b3edd24cb9ccb29ff6"/>
         <property name="seleniumVersion" value="3.141.59"/>
         <property name="proxyInformation" value="ProxyInformation { proxyOption=NO_PROXY, proxyServerType=HTTP, username=, password=********, proxyServerAddress=, proxyServerPort=0, executionList=&quot;&quot;, isApplyToDesiredCapabilities=true }"/>
         <property name="platform" value="Windows 10"/>
      </properties>
      <testcase name="Test Cases/TC - Login" time="15.204" classname="Test Cases/TC - Login" status="PASSED">
         <system-out><![CDATA[2022-06-16 16:01:10 - [TEST_CASE][PASSED] - Test Cases/TC - Login: Test Cases/TC - Login

2022-06-16 16:01:11 - [TEST_STEP][PASSED] - openBrowser(""): Browser is opened with url: ''

2022-06-16 16:01:12 - [MESSAGE][INFO] - Starting 'Chrome' driver

2022-06-16 16:01:12 - [MESSAGE][INFO] - Action delay is set to 0 milliseconds

2022-06-16 16:01:16 - [MESSAGE][PASSED] - Browser is opened with url: ''

2022-06-16 16:01:16 - [TEST_STEP][PASSED] - navigateToUrl("https://demo.membrane.trade/sign-in/sign-in?skipCaptcha"): Navigate to 'https://demo.membrane.trade/sign-in/sign-in?skipCaptcha' successfully

2022-06-16 16:01:19 - [MESSAGE][PASSED] - Navigate to 'https://demo.membrane.trade/sign-in/sign-in?skipCaptcha' successfully

2022-06-16 16:01:19 - [TEST_STEP][PASSED] - setText(findTestObject("Object Repository/sign_in/input_email"), "testinga13@membrane.trade"): Text 'testinga13@membrane.trade' is set on object 'Object Repository/sign_in/input_email'

2022-06-16 16:01:21 - [MESSAGE][PASSED] - Text 'testinga13@membrane.trade' is set on object 'Object Repository/sign_in/input_email'

2022-06-16 16:01:21 - [TEST_STEP][PASSED] - setEncryptedText(findTestObject("Object Repository/sign_in/input_password"), "4QAB1q7oUv9VprcK01p93A9bWbgBFWRH2qSTlN87QmniU9Gka11DSA=="): Text ****** has been set on object 'Object Repository/sign_in/input_password'

2022-06-16 16:01:22 - [MESSAGE][PASSED] - Text ****** has been set on object 'Object Repository/sign_in/input_password'

2022-06-16 16:01:22 - [TEST_STEP][PASSED] - click(findTestObject("Object Repository/sign_in/button_Next")): Object: 'Object Repository/sign_in/button_Next' is clicked on

2022-06-16 16:01:22 - [MESSAGE][PASSED] - Object: 'Object Repository/sign_in/button_Next' is clicked on

2022-06-16 16:01:22 - [TEST_STEP][PASSED] - setText(findTestObject("Object Repository/sign_in/input_token"), "111111"): Text '111111' is set on object 'Object Repository/sign_in/input_token'

2022-06-16 16:01:25 - [MESSAGE][PASSED] - Text '111111' is set on object 'Object Repository/sign_in/input_token'

2022-06-16 16:01:25 - [TEST_STEP][PASSED] - click(findTestObject("Object Repository/sign_in/button_Next")): Object: 'Object Repository/sign_in/button_Next' is clicked on

2022-06-16 16:01:25 - [MESSAGE][PASSED] - Object: 'Object Repository/sign_in/button_Next' is clicked on]]></system-out>
         <system-err><![CDATA[]]></system-err>
      </testcase>
      <testcase name="Test Cases/TC - Buy - (Native - Native)" time="21.169" classname="Test Cases/TC - Buy - (Native - Native)" status="PASSED">
         <system-out><![CDATA[2022-06-16 16:01:25 - [TEST_CASE][PASSED] - Test Cases/TC - Buy - (Native - Native): Test Cases/TC - Buy - (Native - Native)

2022-06-16 16:01:26 - [TEST_STEP][PASSED] - click(findTestObject("header/buy_sell")): Object: 'Object Repository/header/buy_sell' is clicked on

2022-06-16 16:01:36 - [MESSAGE][PASSED] - Object: 'Object Repository/header/buy_sell' is clicked on

2022-06-16 16:01:36 - [TEST_STEP][PASSED] - click(findTestObject("trades/button_Inbox")): Object: 'Object Repository/trades/button_Inbox' is clicked on

2022-06-16 16:01:37 - [MESSAGE][PASSED] - Object: 'Object Repository/trades/button_Inbox' is clicked on

2022-06-16 16:01:37 - [TEST_STEP][PASSED] - click(findTestObject("trades/button_Outbox")): Object: 'Object Repository/trades/button_Outbox' is clicked on

2022-06-16 16:01:37 - [MESSAGE][PASSED] - Object: 'Object Repository/trades/button_Outbox' is clicked on

2022-06-16 16:01:37 - [TEST_STEP][PASSED] - click(findTestObject("trades/button_Accepted")): Object: 'Object Repository/trades/button_Accepted' is clicked on

2022-06-16 16:01:38 - [MESSAGE][PASSED] - Object: 'Object Repository/trades/button_Accepted' is clicked on

2022-06-16 16:01:38 - [TEST_STEP][PASSED] - click(findTestObject("trades/button_History")): Object: 'Object Repository/trades/button_History' is clicked on

2022-06-16 16:01:39 - [MESSAGE][PASSED] - Object: 'Object Repository/trades/button_History' is clicked on

2022-06-16 16:01:39 - [TEST_STEP][PASSED] - click(findTestObject("trades/button_Create New Order")): Object: 'Object Repository/trades/button_Create New Order' is clicked on

2022-06-16 16:01:40 - [MESSAGE][PASSED] - Object: 'Object Repository/trades/button_Create New Order' is clicked on

2022-06-16 16:01:40 - [TEST_STEP][PASSED] - click(findTestObject("trades/button_Buy")): Object: 'Object Repository/trades/button_Buy' is clicked on

2022-06-16 16:01:41 - [MESSAGE][PASSED] - Object: 'Object Repository/trades/button_Buy' is clicked on

2022-06-16 16:01:41 - [TEST_STEP][PASSED] - setText(findTestObject("trades/input_quantity"), "0.1"): Text '0.1' is set on object 'Object Repository/trades/input_quantity'

2022-06-16 16:01:43 - [MESSAGE][PASSED] - Text '0.1' is set on object 'Object Repository/trades/input_quantity'

2022-06-16 16:01:43 - [TEST_STEP][PASSED] - setText(findTestObject("trades/input_unit_prince"), "1"): Text '1' is set on object 'Object Repository/trades/input_unit_prince'

2022-06-16 16:01:44 - [MESSAGE][PASSED] - Text '1' is set on object 'Object Repository/trades/input_unit_prince'

2022-06-16 16:01:44 - [TEST_STEP][PASSED] - setText(findTestObject("trades/input_expiration"), "1"): Text '1' is set on object 'Object Repository/trades/input_expiration'

2022-06-16 16:01:44 - [MESSAGE][PASSED] - Text '1' is set on object 'Object Repository/trades/input_expiration'

2022-06-16 16:01:44 - [TEST_STEP][PASSED] - click(findTestObject("trades/open_modal_counterparty")): Object: 'Object Repository/trades/open_modal_counterparty' is clicked on

2022-06-16 16:01:45 - [MESSAGE][PASSED] - Object: 'Object Repository/trades/open_modal_counterparty' is clicked on

2022-06-16 16:01:45 - [TEST_STEP][PASSED] - click(findTestObject("trades/select_chavo")): Object: 'Object Repository/trades/select_chavo' is clicked on

2022-06-16 16:01:45 - [MESSAGE][PASSED] - Object: 'Object Repository/trades/select_chavo' is clicked on

2022-06-16 16:01:45 - [TEST_STEP][PASSED] - click(findTestObject("trades/close_modal_counterparty")): Object: 'Object Repository/trades/close_modal_counterparty' is clicked on

2022-06-16 16:01:46 - [MESSAGE][PASSED] - Object: 'Object Repository/trades/close_modal_counterparty' is clicked on

2022-06-16 16:01:46 - [TEST_STEP][PASSED] - click(findTestObject("trades/create_order")): Object: 'Object Repository/trades/create_order' is clicked on

2022-06-16 16:01:47 - [MESSAGE][PASSED] - Object: 'Object Repository/trades/create_order' is clicked on]]></system-out>
         <system-err><![CDATA[]]></system-err>
      </testcase>
      <testcase name="Test Cases/TC - Logout" time="3.719" classname="Test Cases/TC - Logout" status="PASSED">
         <system-out><![CDATA[2022-06-16 16:01:47 - [TEST_CASE][PASSED] - Test Cases/TC - Logout: Test Cases/TC - Logout

2022-06-16 16:01:47 - [TEST_STEP][PASSED] - click(findTestObject("menu_right/menu_user")): Object: 'Object Repository/menu_right/menu_user' is clicked on

2022-06-16 16:01:48 - [MESSAGE][PASSED] - Object: 'Object Repository/menu_right/menu_user' is clicked on

2022-06-16 16:01:48 - [TEST_STEP][PASSED] - click(findTestObject("menu_right/logout")): Object: 'Object Repository/menu_right/logout' is clicked on

2022-06-16 16:01:49 - [MESSAGE][PASSED] - Object: 'Object Repository/menu_right/logout' is clicked on

2022-06-16 16:01:49 - [TEST_STEP][PASSED] - closeBrowser(): Browser is closed

2022-06-16 16:01:50 - [MESSAGE][PASSED] - Browser is closed]]></system-out>
         <system-err><![CDATA[]]></system-err>
      </testcase>
      <system-out><![CDATA[2022-06-16 16:01:10 - [TEST_SUITE][PASSED] - Trade - Buy - (Native - Native): Test Cases/TC - Logout]]></system-out>
      <system-err><![CDATA[]]></system-err>
   </testsuite>
</testsuites>
