<?xml version="1.0" encoding="UTF-8"?>
<testsuites name="Login - Logout" time="23.823" tests="2" failures="0" errors="0">
   <testsuite name="Login - Logout" tests="2" failures="0" errors="0" time="23.823" skipped="0" timestamp="2022-06-16 14:31:17" hostname="Luciano - 192.168.0.130" id="Test Suites/Login - Logout">
      <properties>
         <property name="deviceName" value=""/>
         <property name="devicePlatform" value=""/>
         <property name="logFolder" value="C:\\Users\\Luciano\\git\\Katalon-Membrane\\Reports\\20220616_143113\\Login - Logout\\20220616_143113"/>
         <property name="logFiles" value="C:\\Users\\Luciano\\git\\Katalon-Membrane\\Reports\\20220616_143113\\Login - Logout\\20220616_143113\\execution0.log"/>
         <property name="attachments" value=""/>
         <property name="hostName" value="Luciano - 192.168.0.130"/>
         <property name="os" value="Windows 10 64bit"/>
         <property name="katalonVersion" value="8.3.5.208"/>
         <property name="browser" value="Chrome 102.0.5005.115"/>
         <property name="hostAddress" value="192.168.0.130"/>
         <property name="sessionId" value="7f1001e9325873462d4be2b361651d6f"/>
         <property name="seleniumVersion" value="3.141.59"/>
         <property name="proxyInformation" value="ProxyInformation { proxyOption=NO_PROXY, proxyServerType=HTTP, username=, password=********, proxyServerAddress=, proxyServerPort=0, executionList=&quot;&quot;, isApplyToDesiredCapabilities=true }"/>
         <property name="platform" value="Windows 10"/>
      </properties>
      <testcase name="Test Cases/TC - Login" time="12.337" classname="Test Cases/TC - Login" status="PASSED">
         <system-out><![CDATA[2022-06-16 14:31:17 - [TEST_CASE][PASSED] - Test Cases/TC - Login: Test Cases/TC - Login

2022-06-16 14:31:18 - [TEST_STEP][PASSED] - openBrowser(""): Browser is opened with url: ''

2022-06-16 14:31:18 - [MESSAGE][INFO] - Starting 'Chrome' driver

2022-06-16 14:31:18 - [MESSAGE][INFO] - Action delay is set to 0 milliseconds

2022-06-16 14:31:21 - [MESSAGE][PASSED] - Browser is opened with url: ''

2022-06-16 14:31:21 - [TEST_STEP][PASSED] - navigateToUrl("https://demo.membrane.trade/sign-in/sign-in?skipCaptcha"): Navigate to 'https://demo.membrane.trade/sign-in/sign-in?skipCaptcha' successfully

2022-06-16 14:31:23 - [MESSAGE][PASSED] - Navigate to 'https://demo.membrane.trade/sign-in/sign-in?skipCaptcha' successfully

2022-06-16 14:31:23 - [TEST_STEP][PASSED] - setText(findTestObject("Object Repository/sign_in/input_email"), "testinga13@membrane.trade"): Text 'testinga13@membrane.trade' is set on object 'Object Repository/sign_in/input_email'

2022-06-16 14:31:26 - [MESSAGE][PASSED] - Text 'testinga13@membrane.trade' is set on object 'Object Repository/sign_in/input_email'

2022-06-16 14:31:26 - [TEST_STEP][PASSED] - setEncryptedText(findTestObject("Object Repository/sign_in/input_password"), "4QAB1q7oUv9VprcK01p93A9bWbgBFWRH2qSTlN87QmniU9Gka11DSA=="): Text ****** has been set on object 'Object Repository/sign_in/input_password'

2022-06-16 14:31:26 - [MESSAGE][PASSED] - Text ****** has been set on object 'Object Repository/sign_in/input_password'

2022-06-16 14:31:26 - [TEST_STEP][PASSED] - click(findTestObject("Object Repository/sign_in/button_Next")): Object: 'Object Repository/sign_in/button_Next' is clicked on

2022-06-16 14:31:27 - [MESSAGE][PASSED] - Object: 'Object Repository/sign_in/button_Next' is clicked on

2022-06-16 14:31:27 - [TEST_STEP][PASSED] - setText(findTestObject("Object Repository/sign_in/input_token"), "111111"): Text '111111' is set on object 'Object Repository/sign_in/input_token'

2022-06-16 14:31:29 - [MESSAGE][PASSED] - Text '111111' is set on object 'Object Repository/sign_in/input_token'

2022-06-16 14:31:29 - [TEST_STEP][PASSED] - click(findTestObject("Object Repository/sign_in/button_Next")): Object: 'Object Repository/sign_in/button_Next' is clicked on

2022-06-16 14:31:29 - [MESSAGE][PASSED] - Object: 'Object Repository/sign_in/button_Next' is clicked on]]></system-out>
         <system-err><![CDATA[]]></system-err>
      </testcase>
      <testcase name="Test Cases/TC - Logout" time="11.124" classname="Test Cases/TC - Logout" status="PASSED">
         <system-out><![CDATA[2022-06-16 14:31:29 - [TEST_CASE][PASSED] - Test Cases/TC - Logout: Test Cases/TC - Logout

2022-06-16 14:31:30 - [TEST_STEP][PASSED] - click(findTestObject("menu_right/menu_user")): Object: 'Object Repository/menu_right/menu_user' is clicked on

2022-06-16 14:31:39 - [MESSAGE][PASSED] - Object: 'Object Repository/menu_right/menu_user' is clicked on

2022-06-16 14:31:39 - [TEST_STEP][PASSED] - click(findTestObject("menu_right/logout")): Object: 'Object Repository/menu_right/logout' is clicked on

2022-06-16 14:31:40 - [MESSAGE][PASSED] - Object: 'Object Repository/menu_right/logout' is clicked on

2022-06-16 14:31:40 - [TEST_STEP][PASSED] - closeBrowser(): Browser is closed

2022-06-16 14:31:40 - [MESSAGE][PASSED] - Browser is closed]]></system-out>
         <system-err><![CDATA[]]></system-err>
      </testcase>
      <system-out><![CDATA[2022-06-16 14:31:17 - [TEST_SUITE][PASSED] - Login - Logout: Test Cases/TC - Logout]]></system-out>
      <system-err><![CDATA[]]></system-err>
   </testsuite>
</testsuites>
